<?xml version="1.0" encoding="UTF-8"?>
<testng-results ignored="0" total="1" passed="1" failed="0" skipped="0">
  <reporter-output>
  </reporter-output>
  <suite started-at="2022-08-10T17:02:54 IST" name="Default suite" finished-at="2022-08-10T17:03:37 IST" duration-ms="42722">
    <groups>
    </groups>
    <test started-at="2022-08-10T17:02:54 IST" name="Default test" finished-at="2022-08-10T17:03:37 IST" duration-ms="42722">
      <class name="com.crm.CreateOwner.CreateOwnerAndVerify">
        <test-method is-config="true" signature="dbConfig()[pri:0, instance:com.crm.CreateOwner.CreateOwnerAndVerify@229c6181]" started-at="2022-08-10T17:02:54 IST" name="dbConfig" finished-at="2022-08-10T17:02:54 IST" duration-ms="28" status="PASS">
          <reporter-output>
          </reporter-output>
        </test-method> <!-- dbConfig -->
        <test-method is-config="true" signature="launchTheBrowser()[pri:0, instance:com.crm.CreateOwner.CreateOwnerAndVerify@229c6181]" started-at="2022-08-10T17:02:54 IST" name="launchTheBrowser" finished-at="2022-08-10T17:03:10 IST" duration-ms="15947" status="PASS">
          <reporter-output>
          </reporter-output>
        </test-method> <!-- launchTheBrowser -->
        <test-method is-config="true" signature="loginToAppln()[pri:0, instance:com.crm.CreateOwner.CreateOwnerAndVerify@229c6181]" started-at="2022-08-10T17:03:10 IST" name="loginToAppln" finished-at="2022-08-10T17:03:12 IST" duration-ms="1682" status="PASS">
          <reporter-output>
          </reporter-output>
        </test-method> <!-- loginToAppln -->
        <test-method signature="VerifyTheOwnerCreatedRoomDetailsinTheRegisterdRoomList()[pri:0, instance:com.crm.CreateOwner.CreateOwnerAndVerify@229c6181]" started-at="2022-08-10T17:03:12 IST" name="VerifyTheOwnerCreatedRoomDetailsinTheRegisterdRoomList" finished-at="2022-08-10T17:03:36 IST" duration-ms="23718" status="PASS">
          <reporter-output>
          </reporter-output>
        </test-method> <!-- VerifyTheOwnerCreatedRoomDetailsinTheRegisterdRoomList -->
        <test-method is-config="true" signature="logoutFromAppln()[pri:0, instance:com.crm.CreateOwner.CreateOwnerAndVerify@229c6181]" started-at="2022-08-10T17:03:36 IST" name="logoutFromAppln" finished-at="2022-08-10T17:03:36 IST" duration-ms="403" status="PASS">
          <reporter-output>
          </reporter-output>
        </test-method> <!-- logoutFromAppln -->
        <test-method is-config="true" signature="closeTheBrowser()[pri:0, instance:com.crm.CreateOwner.CreateOwnerAndVerify@229c6181]" started-at="2022-08-10T17:03:36 IST" name="closeTheBrowser" finished-at="2022-08-10T17:03:37 IST" duration-ms="823" status="PASS">
          <reporter-output>
          </reporter-output>
        </test-method> <!-- closeTheBrowser -->
        <test-method is-config="true" signature="closeDBconfig()[pri:0, instance:com.crm.CreateOwner.CreateOwnerAndVerify@229c6181]" started-at="2022-08-10T17:03:37 IST" name="closeDBconfig" finished-at="2022-08-10T17:03:37 IST" duration-ms="1" status="PASS">
          <reporter-output>
          </reporter-output>
        </test-method> <!-- closeDBconfig -->
      </class> <!-- com.crm.CreateOwner.CreateOwnerAndVerify -->
    </test> <!-- Default test -->
  </suite> <!-- Default suite -->
</testng-results>
